[debug] [2021-12-04T05:23:36.630Z] ----------------------------------------------------------------------
[debug] [2021-12-04T05:23:36.632Z] Command:       C:\Program Files\nodejs\node.exe C:\Users\aawel\AppData\Roaming\npm\node_modules\firebase-tools\lib\bin\firebase.js init hosting
[debug] [2021-12-04T05:23:36.633Z] CLI Version:   9.23.0
[debug] [2021-12-04T05:23:36.633Z] Platform:      win32
[debug] [2021-12-04T05:23:36.633Z] Node Version:  v16.13.0
[debug] [2021-12-04T05:23:36.633Z] Time:          Fri Dec 03 2021 22:23:36 GMT-0700 (Mountain Standard Time)
[debug] [2021-12-04T05:23:36.633Z] ----------------------------------------------------------------------
[debug] 
[debug] [2021-12-04T05:23:36.640Z] > command requires scopes: ["email","openid","https://www.googleapis.com/auth/cloudplatformprojects.readonly","https://www.googleapis.com/auth/firebase","https://www.googleapis.com/auth/cloud-platform"]
[debug] [2021-12-04T05:23:36.640Z] > authorizing via signed-in user (aawells98@gmail.com)
[info] 
     ######## #### ########  ######## ########     ###     ######  ########
     ##        ##  ##     ## ##       ##     ##  ##   ##  ##       ##
     ######    ##  ########  ######   ########  #########  ######  ######
     ##        ##  ##    ##  ##       ##     ## ##     ##       ## ##
     ##       #### ##     ## ######## ########  ##     ##  ######  ########

You're about to initialize a Firebase project in this directory:

  C:\Users\aawel\Documents\GitHub\verbose-giggle

[info] 
=== Project Setup
[info] 
[info] First, let's associate this project directory with a Firebase project.
[info] You can create multiple project aliases by running firebase use --add, 
[info] but for now we'll just set up a default project.
[info] 
[debug] [2021-12-04T05:24:57.052Z] > refreshing access token with scopes: []
[debug] [2021-12-04T05:24:57.053Z] >>> HTTP REQUEST POST https://www.googleapis.com/oauth2/v3/token  
 <request body omitted>
[debug] [2021-12-04T05:24:58.131Z] <<< HTTP RESPONSE 200 {"cache-control":"no-cache, no-store, max-age=0, must-revalidate","pragma":"no-cache","expires":"Mon, 01 Jan 1990 00:00:00 GMT","date":"Sat, 04 Dec 2021 05:24:56 GMT","content-type":"application/json; charset=utf-8","vary":"X-Origin, Referer, Origin,Accept-Encoding","server":"scaffolding on HTTPServer2","x-xss-protection":"0","x-frame-options":"SAMEORIGIN","x-content-type-options":"nosniff","alt-svc":"h3=\":443\"; ma=2592000,h3-29=\":443\"; ma=2592000,h3-Q050=\":443\"; ma=2592000,h3-Q046=\":443\"; ma=2592000,h3-Q043=\":443\"; ma=2592000,quic=\":443\"; ma=2592000; v=\"46,43\"","accept-ranges":"none","transfer-encoding":"chunked"}
[debug] [2021-12-04T05:24:58.142Z] >>> [apiv2][query] GET https://firebase.googleapis.com/v1beta1/projects pageSize=100
[debug] [2021-12-04T05:24:59.816Z] <<< [apiv2][status] GET https://firebase.googleapis.com/v1beta1/projects 200
[debug] [2021-12-04T05:24:59.816Z] <<< [apiv2][body] GET https://firebase.googleapis.com/v1beta1/projects [omitted]
[info] i  Using project web-portfolio-c6340 (web-portfolio) 
[info] 
=== Hosting Setup
[info] 
[info] Your public directory is the folder (relative to your project directory) that
[info] will contain Hosting assets to be uploaded with firebase deploy. If you
[info] have a build process for your assets, use your build's output directory.
[info] 
[debug] [2021-12-04T05:25:23.914Z] >>> [apiv2][query] GET https://www.gstatic.com/firebasejs/releases.json [none]
[debug] [2021-12-04T05:25:26.085Z] <<< [apiv2][status] GET https://www.gstatic.com/firebasejs/releases.json 200
[debug] [2021-12-04T05:25:26.086Z] <<< [apiv2][body] GET https://www.gstatic.com/firebasejs/releases.json {"current":{"version":"9.6.0","browserURL":"https://www.gstatic.com/firebasejs/9.6.0/firebase.js","packageURL":"https://www.gstatic.com/firebasejs/9.6.0/firebase.tgz"},"live":{"version":"9.6","browserURL":"https://www.gstatic.com/firebasejs/live/9.6/firebase.js","packageURL":"https://www.gstatic.com/firebasejs/live/9.6/firebase.tgz"},"components":{"analytics":"https://www.gstatic.com/firebasejs/9.6.0/firebase-analytics.js","app":"https://www.gstatic.com/firebasejs/9.6.0/firebase-app.js","app-check":"https://www.gstatic.com/firebasejs/9.6.0/firebase-app-check.js","auth":"https://www.gstatic.com/firebasejs/9.6.0/firebase-auth.js","auth/cordova":"https://www.gstatic.com/firebasejs/9.6.0/firebase-auth/cordova.js","auth/react-native":"https://www.gstatic.com/firebasejs/9.6.0/firebase-auth/react-native.js","functions":"https://www.gstatic.com/firebasejs/9.6.0/firebase-functions.js","firestore":"https://www.gstatic.com/firebasejs/9.6.0/firebase-firestore.js","firestore/lite":"https://www.gstatic.com/firebasejs/9.6.0/firebase-firestore/lite.js","storage":"https://www.gstatic.com/firebasejs/9.6.0/firebase-storage.js","performance":"https://www.gstatic.com/firebasejs/9.6.0/firebase-performance.js","remote-config":"https://www.gstatic.com/firebasejs/9.6.0/firebase-remote-config.js","messaging":"https://www.gstatic.com/firebasejs/9.6.0/firebase-messaging.js","messaging/sw":"https://www.gstatic.com/firebasejs/9.6.0/firebase-messaging/sw.js","database":"https://www.gstatic.com/firebasejs/9.6.0/firebase-database.js","firestore.memory":"https://www.gstatic.com/firebasejs/9.6.0/firebase-firestore.memory.js"}}
[info] +  Wrote build/index.html 
[info] 
[info] i  Detected a .git folder at C:\Users\aawel\Documents\GitHub\verbose-giggle 
[info] i  Authorizing with GitHub to upload your service account to a GitHub repository's secrets store. 
[info] 
[info] Visit this URL on this device to log in:
[info] https://github.com/login/oauth/authorize?client_id=89cf50f02ac6aaed3484&state=204766442&redirect_uri=http%3A%2F%2Flocalhost%3A9005&scope=read%3Auser%20repo%20public_repo
[info] 
[info] Waiting for authentication...
[debug] [2021-12-04T05:25:27.658Z] >>> HTTP REQUEST POST https://github.com/login/oauth/access_token  
 {"client_id":"89cf50f02ac6aaed3484","client_secret":"3330d14abc895d9a74d5f17cd7a00711fa2c5bf0","code":"878679053732ae7197e8","redirect_uri":"http://localhost:9005","state":"204766442"}
[debug] [2021-12-04T05:25:28.769Z] <<< HTTP RESPONSE 200 {"server":"GitHub.com","date":"Sat, 04 Dec 2021 05:25:27 GMT","content-type":"application/json; charset=utf-8","transfer-encoding":"chunked","vary":"X-PJAX, X-PJAX-Container, Accept-Encoding, Accept, X-Requested-With","permissions-policy":"interest-cohort=()","etag":"W/\"d283281bb8669738cc82ab50e0d3083e\"","cache-control":"max-age=0, private, must-revalidate","strict-transport-security":"max-age=31536000; includeSubdomains; preload","x-frame-options":"deny","x-content-type-options":"nosniff","x-xss-protection":"0","referrer-policy":"origin-when-cross-origin, strict-origin-when-cross-origin","expect-ct":"max-age=2592000, report-uri=\"https://api.github.com/_private/browser/errors\"","content-security-policy":"default-src 'none'; base-uri 'self'; block-all-mixed-content; child-src github.com/assets-cdn/worker/ gist.github.com/assets-cdn/worker/; connect-src 'self' uploads.github.com objects-origin.githubusercontent.com www.githubstatus.com collector.githubapp.com api.github.com github-cloud.s3.amazonaws.com github-production-repository-file-5c1aeb.s3.amazonaws.com github-production-upload-manifest-file-7fdce7.s3.amazonaws.com github-production-user-asset-6210df.s3.amazonaws.com cdn.optimizely.com logx.optimizely.com/v1/events translator.github.com wss://alive.github.com; font-src github.githubassets.com; form-action 'self' github.com gist.github.com objects-origin.githubusercontent.com; frame-ancestors 'none'; frame-src render.githubusercontent.com viewscreen.githubusercontent.com notebooks.githubusercontent.com; img-src 'self' data: github.githubassets.com identicons.github.com collector.githubapp.com github-cloud.s3.amazonaws.com secured-user-images.githubusercontent.com/ *.githubusercontent.com; manifest-src 'self'; media-src github.com user-images.githubusercontent.com/; script-src github.githubassets.com; style-src 'unsafe-inline' github.githubassets.com; worker-src github.com/assets-cdn/worker/ gist.github.com/assets-cdn/worker/","x-github-request-id":"1462:6DE5:7D626E:BDD423:61AAFBC7"}
[debug] [2021-12-04T05:25:28.775Z] >>> [apiv2][query] GET https://api.github.com/user [none]
[debug] [2021-12-04T05:25:29.956Z] <<< [apiv2][status] GET https://api.github.com/user 200
[debug] [2021-12-04T05:25:29.956Z] <<< [apiv2][body] GET https://api.github.com/user {"login":"aawells2","id":74478975,"node_id":"MDQ6VXNlcjc0NDc4OTc1","avatar_url":"https://avatars.githubusercontent.com/u/74478975?v=4","gravatar_id":"","url":"https://api.github.com/users/aawells2","html_url":"https://github.com/aawells2","followers_url":"https://api.github.com/users/aawells2/followers","following_url":"https://api.github.com/users/aawells2/following{/other_user}","gists_url":"https://api.github.com/users/aawells2/gists{/gist_id}","starred_url":"https://api.github.com/users/aawells2/starred{/owner}{/repo}","subscriptions_url":"https://api.github.com/users/aawells2/subscriptions","organizations_url":"https://api.github.com/users/aawells2/orgs","repos_url":"https://api.github.com/users/aawells2/repos","events_url":"https://api.github.com/users/aawells2/events{/privacy}","received_events_url":"https://api.github.com/users/aawells2/received_events","type":"User","site_admin":false,"name":null,"company":null,"blog":"","location":null,"email":null,"hireable":null,"bio":null,"twitter_username":null,"public_repos":4,"public_gists":0,"followers":0,"following":0,"created_at":"2020-11-15T02:35:09Z","updated_at":"2021-11-27T06:25:27Z","private_gists":0,"total_private_repos":1,"owned_private_repos":1,"disk_usage":1315,"collaborators":3,"two_factor_authentication":false,"plan":{"name":"pro","space":976562499,"collaborators":0,"private_repos":9999}}
[info] 
[info] +  Success! Logged into GitHub as aawells2 
[info] 
[debug] [2021-12-04T05:25:52.971Z] >>> [apiv2][query] GET https://api.github.com/repos/aawells/verbose-giggle/actions/secrets/public-key type=owner
[debug] [2021-12-04T05:26:03.008Z] <<< [apiv2][status] GET https://api.github.com/repos/aawells/verbose-giggle/actions/secrets/public-key 404
[debug] [2021-12-04T05:26:03.008Z] <<< [apiv2][body] GET https://api.github.com/repos/aawells/verbose-giggle/actions/secrets/public-key {"message":"Not Found","documentation_url":"https://docs.github.com/rest/reference/actions#get-a-repository-public-key"}
[debug] [2021-12-04T05:26:33.449Z] >>> [apiv2][query] GET https://api.github.com/repos/aawells2/verbose-giggle/actions/secrets/public-key type=owner
[debug] [2021-12-04T05:26:39.467Z] <<< [apiv2][status] GET https://api.github.com/repos/aawells2/verbose-giggle/actions/secrets/public-key 200
[debug] [2021-12-04T05:26:39.467Z] <<< [apiv2][body] GET https://api.github.com/repos/aawells2/verbose-giggle/actions/secrets/public-key {"key_id":"568250167242549743","key":"NnDTXz/Htorf4b+VlyHRSFOyIu+SgNU2NdqokDQ3ynE="}
[debug] [2021-12-04T05:26:39.470Z] >>> [apiv2][query] GET https://api.github.com/repos/aawells2/verbose-giggle [none]
[debug] [2021-12-04T05:26:41.398Z] <<< [apiv2][status] GET https://api.github.com/repos/aawells2/verbose-giggle 200
[debug] [2021-12-04T05:26:41.398Z] <<< [apiv2][body] GET https://api.github.com/repos/aawells2/verbose-giggle {"id":434809447,"node_id":"R_kgDOGeqqZw","name":"verbose-giggle","full_name":"aawells2/verbose-giggle","private":false,"owner":{"login":"aawells2","id":74478975,"node_id":"MDQ6VXNlcjc0NDc4OTc1","avatar_url":"https://avatars.githubusercontent.com/u/74478975?v=4","gravatar_id":"","url":"https://api.github.com/users/aawells2","html_url":"https://github.com/aawells2","followers_url":"https://api.github.com/users/aawells2/followers","following_url":"https://api.github.com/users/aawells2/following{/other_user}","gists_url":"https://api.github.com/users/aawells2/gists{/gist_id}","starred_url":"https://api.github.com/users/aawells2/starred{/owner}{/repo}","subscriptions_url":"https://api.github.com/users/aawells2/subscriptions","organizations_url":"https://api.github.com/users/aawells2/orgs","repos_url":"https://api.github.com/users/aawells2/repos","events_url":"https://api.github.com/users/aawells2/events{/privacy}","received_events_url":"https://api.github.com/users/aawells2/received_events","type":"User","site_admin":false},"html_url":"https://github.com/aawells2/verbose-giggle","description":null,"fork":false,"url":"https://api.github.com/repos/aawells2/verbose-giggle","forks_url":"https://api.github.com/repos/aawells2/verbose-giggle/forks","keys_url":"https://api.github.com/repos/aawells2/verbose-giggle/keys{/key_id}","collaborators_url":"https://api.github.com/repos/aawells2/verbose-giggle/collaborators{/collaborator}","teams_url":"https://api.github.com/repos/aawells2/verbose-giggle/teams","hooks_url":"https://api.github.com/repos/aawells2/verbose-giggle/hooks","issue_events_url":"https://api.github.com/repos/aawells2/verbose-giggle/issues/events{/number}","events_url":"https://api.github.com/repos/aawells2/verbose-giggle/events","assignees_url":"https://api.github.com/repos/aawells2/verbose-giggle/assignees{/user}","branches_url":"https://api.github.com/repos/aawells2/verbose-giggle/branches{/branch}","tags_url":"https://api.github.com/repos/aawells2/verbose-giggle/tags","blobs_url":"https://api.github.com/repos/aawells2/verbose-giggle/git/blobs{/sha}","git_tags_url":"https://api.github.com/repos/aawells2/verbose-giggle/git/tags{/sha}","git_refs_url":"https://api.github.com/repos/aawells2/verbose-giggle/git/refs{/sha}","trees_url":"https://api.github.com/repos/aawells2/verbose-giggle/git/trees{/sha}","statuses_url":"https://api.github.com/repos/aawells2/verbose-giggle/statuses/{sha}","languages_url":"https://api.github.com/repos/aawells2/verbose-giggle/languages","stargazers_url":"https://api.github.com/repos/aawells2/verbose-giggle/stargazers","contributors_url":"https://api.github.com/repos/aawells2/verbose-giggle/contributors","subscribers_url":"https://api.github.com/repos/aawells2/verbose-giggle/subscribers","subscription_url":"https://api.github.com/repos/aawells2/verbose-giggle/subscription","commits_url":"https://api.github.com/repos/aawells2/verbose-giggle/commits{/sha}","git_commits_url":"https://api.github.com/repos/aawells2/verbose-giggle/git/commits{/sha}","comments_url":"https://api.github.com/repos/aawells2/verbose-giggle/comments{/number}","issue_comment_url":"https://api.github.com/repos/aawells2/verbose-giggle/issues/comments{/number}","contents_url":"https://api.github.com/repos/aawells2/verbose-giggle/contents/{+path}","compare_url":"https://api.github.com/repos/aawells2/verbose-giggle/compare/{base}...{head}","merges_url":"https://api.github.com/repos/aawells2/verbose-giggle/merges","archive_url":"https://api.github.com/repos/aawells2/verbose-giggle/{archive_format}{/ref}","downloads_url":"https://api.github.com/repos/aawells2/verbose-giggle/downloads","issues_url":"https://api.github.com/repos/aawells2/verbose-giggle/issues{/number}","pulls_url":"https://api.github.com/repos/aawells2/verbose-giggle/pulls{/number}","milestones_url":"https://api.github.com/repos/aawells2/verbose-giggle/milestones{/number}","notifications_url":"https://api.github.com/repos/aawells2/verbose-giggle/notifications{?since,all,participating}","labels_url":"https://api.github.com/repos/aawells2/verbose-giggle/labels{/name}","releases_url":"https://api.github.com/repos/aawells2/verbose-giggle/releases{/id}","deployments_url":"https://api.github.com/repos/aawells2/verbose-giggle/deployments","created_at":"2021-12-04T04:50:17Z","updated_at":"2021-12-04T04:50:20Z","pushed_at":"2021-12-04T04:50:18Z","git_url":"git://github.com/aawells2/verbose-giggle.git","ssh_url":"git@github.com:aawells2/verbose-giggle.git","clone_url":"https://github.com/aawells2/verbose-giggle.git","svn_url":"https://github.com/aawells2/verbose-giggle","homepage":null,"size":0,"stargazers_count":0,"watchers_count":0,"language":null,"has_issues":true,"has_projects":true,"has_downloads":true,"has_wiki":true,"has_pages":false,"forks_count":0,"mirror_url":null,"archived":false,"disabled":false,"open_issues_count":0,"license":{"key":"gpl-3.0","name":"GNU General Public License v3.0","spdx_id":"GPL-3.0","url":"https://api.github.com/licenses/gpl-3.0","node_id":"MDc6TGljZW5zZTk="},"allow_forking":true,"is_template":false,"topics":[],"visibility":"public","forks":0,"open_issues":0,"watchers":0,"default_branch":"main","permissions":{"admin":true,"maintain":true,"push":true,"triage":true,"pull":true},"temp_clone_token":"","allow_squash_merge":true,"allow_merge_commit":true,"allow_rebase_merge":true,"allow_auto_merge":false,"delete_branch_on_merge":false,"allow_update_branch":false,"network_count":0,"subscribers_count":1}
[debug] [2021-12-04T05:26:41.400Z] > refreshing access token with scopes: ["email","https://www.googleapis.com/auth/cloud-platform","https://www.googleapis.com/auth/cloudplatformprojects.readonly","https://www.googleapis.com/auth/firebase","openid"]
[debug] [2021-12-04T05:26:41.400Z] >>> HTTP REQUEST POST https://www.googleapis.com/oauth2/v3/token  
 <request body omitted>
[debug] [2021-12-04T05:26:42.436Z] <<< HTTP RESPONSE 200 {"pragma":"no-cache","cache-control":"no-cache, no-store, max-age=0, must-revalidate","expires":"Mon, 01 Jan 1990 00:00:00 GMT","date":"Sat, 04 Dec 2021 05:26:41 GMT","content-type":"application/json; charset=utf-8","vary":"X-Origin, Referer, Origin,Accept-Encoding","server":"scaffolding on HTTPServer2","x-xss-protection":"0","x-frame-options":"SAMEORIGIN","x-content-type-options":"nosniff","alt-svc":"h3=\":443\"; ma=2592000,h3-29=\":443\"; ma=2592000,h3-Q050=\":443\"; ma=2592000,h3-Q046=\":443\"; ma=2592000,h3-Q043=\":443\"; ma=2592000,quic=\":443\"; ma=2592000; v=\"46,43\"","accept-ranges":"none","transfer-encoding":"chunked"}
[debug] [2021-12-04T05:26:42.444Z] >>> HTTP REQUEST POST https://iam.googleapis.com/v1/projects/web-portfolio-c6340/serviceAccounts  
 {"accountId":"github-action-434809447","serviceAccount":{"displayName":"GitHub Actions (aawells2/verbose-giggle)","description":"A service account with permission to deploy to Firebase Hosting for the GitHub repository aawells2/verbose-giggle"}}
[debug] [2021-12-04T05:26:45.665Z] <<< HTTP RESPONSE 200 {"content-type":"application/json; charset=UTF-8","vary":"X-Origin, Referer, Origin,Accept-Encoding","date":"Sat, 04 Dec 2021 05:26:44 GMT","server":"ESF","cache-control":"private","x-xss-protection":"0","x-frame-options":"SAMEORIGIN","x-content-type-options":"nosniff","alt-svc":"h3=\":443\"; ma=2592000,h3-29=\":443\"; ma=2592000,h3-Q050=\":443\"; ma=2592000,h3-Q046=\":443\"; ma=2592000,h3-Q043=\":443\"; ma=2592000,quic=\":443\"; ma=2592000; v=\"46,43\"","accept-ranges":"none","transfer-encoding":"chunked"}
[debug] [2021-12-04T05:26:45.666Z] >>> HTTP REQUEST GET https://iam.googleapis.com/v1/projects/web-portfolio-c6340/serviceAccounts/github-action-434809447@web-portfolio-c6340.iam.gserviceaccount.com  
 
[debug] [2021-12-04T05:26:45.666Z] >>> HTTP REQUEST POST https://cloudresourcemanager.googleapis.com/v1/projects/web-portfolio-c6340:getIamPolicy  
 
[debug] [2021-12-04T05:26:50.028Z] <<< HTTP RESPONSE 200 {"content-type":"application/json; charset=UTF-8","vary":"X-Origin, Referer, Origin,Accept-Encoding","date":"Sat, 04 Dec 2021 05:26:48 GMT","server":"ESF","cache-control":"private","x-xss-protection":"0","x-frame-options":"SAMEORIGIN","x-content-type-options":"nosniff","alt-svc":"h3=\":443\"; ma=2592000,h3-29=\":443\"; ma=2592000,h3-Q050=\":443\"; ma=2592000,h3-Q046=\":443\"; ma=2592000,h3-Q043=\":443\"; ma=2592000,quic=\":443\"; ma=2592000; v=\"46,43\"","accept-ranges":"none","transfer-encoding":"chunked"}
[debug] [2021-12-04T05:26:56.768Z] <<< HTTP RESPONSE 200 {"content-type":"application/json; charset=UTF-8","vary":"X-Origin, Referer, Origin,Accept-Encoding","date":"Sat, 04 Dec 2021 05:26:55 GMT","server":"ESF","cache-control":"private","x-xss-protection":"0","x-frame-options":"SAMEORIGIN","x-content-type-options":"nosniff","server-timing":"gfet4t7; dur=1018","alt-svc":"h3=\":443\"; ma=2592000,h3-29=\":443\"; ma=2592000,h3-Q050=\":443\"; ma=2592000,h3-Q046=\":443\"; ma=2592000,h3-Q043=\":443\"; ma=2592000,quic=\":443\"; ma=2592000; v=\"46,43\"","accept-ranges":"none","transfer-encoding":"chunked"}
[debug] [2021-12-04T05:26:56.770Z] >>> HTTP REQUEST POST https://cloudresourcemanager.googleapis.com/v1/projects/web-portfolio-c6340:setIamPolicy  
 {"policy":{"version":1,"etag":"BwXSSpNWgv0=","bindings":[{"role":"roles/firebase.managementServiceAgent","members":["serviceAccount:firebase-service-account@firebase-sa-management.iam.gserviceaccount.com"]},{"role":"roles/firebase.sdkAdminServiceAgent","members":["serviceAccount:firebase-adminsdk-4zwd6@web-portfolio-c6340.iam.gserviceaccount.com"]},{"role":"roles/firebaserules.system","members":["serviceAccount:service-923982308850@firebase-rules.iam.gserviceaccount.com"]},{"role":"roles/iam.serviceAccountTokenCreator","members":["serviceAccount:firebase-adminsdk-4zwd6@web-portfolio-c6340.iam.gserviceaccount.com"]},{"role":"roles/owner","members":["user:aawells98@gmail.com"]},{"role":"roles/pubsub.serviceAgent","members":["serviceAccount:service-923982308850@gcp-sa-pubsub.iam.gserviceaccount.com"]},{"role":"roles/firebaseauth.admin","members":["serviceAccount:github-action-434809447@web-portfolio-c6340.iam.gserviceaccount.com"]},{"role":"roles/serviceusage.apiKeysViewer","members":["serviceAccount:github-action-434809447@web-portfolio-c6340.iam.gserviceaccount.com"]},{"role":"roles/firebasehosting.admin","members":["serviceAccount:github-action-434809447@web-portfolio-c6340.iam.gserviceaccount.com"]},{"role":"roles/run.viewer","members":["serviceAccount:github-action-434809447@web-portfolio-c6340.iam.gserviceaccount.com"]}]},"updateMask":"bindings"}
[debug] [2021-12-04T05:27:12.966Z] Error: Client network socket disconnected before secure TLS connection was established
    at connResetException (node:internal/errors:691:14)
    at TLSSocket.onConnectEnd (node:_tls_wrap:1585:19)
    at TLSSocket.emit (node:events:402:35)
    at TLSSocket.emit (node:domain:475:12)
    at endReadableNT (node:internal/streams/readable:1343:12)
    at processTicksAndRejections (node:internal/process/task_queues:83:21)
[error] 
[error] Error: Server Error. Client network socket disconnected before secure TLS connection was established
[debug] [2021-12-04T05:27:42.426Z] ----------------------------------------------------------------------
[debug] [2021-12-04T05:27:42.428Z] Command:       C:\Program Files\nodejs\node.exe C:\Users\aawel\AppData\Roaming\npm\node_modules\firebase-tools\lib\bin\firebase.js init hosting
[debug] [2021-12-04T05:27:42.428Z] CLI Version:   9.23.0
[debug] [2021-12-04T05:27:42.428Z] Platform:      win32
[debug] [2021-12-04T05:27:42.429Z] Node Version:  v16.13.0
[debug] [2021-12-04T05:27:42.429Z] Time:          Fri Dec 03 2021 22:27:42 GMT-0700 (Mountain Standard Time)
[debug] [2021-12-04T05:27:42.429Z] ----------------------------------------------------------------------
[debug] 
[debug] [2021-12-04T05:27:42.438Z] > command requires scopes: ["email","openid","https://www.googleapis.com/auth/cloudplatformprojects.readonly","https://www.googleapis.com/auth/firebase","https://www.googleapis.com/auth/cloud-platform"]
[debug] [2021-12-04T05:27:42.438Z] > authorizing via signed-in user (aawells98@gmail.com)
[info] 
     ######## #### ########  ######## ########     ###     ######  ########
     ##        ##  ##     ## ##       ##     ##  ##   ##  ##       ##
     ######    ##  ########  ######   ########  #########  ######  ######
     ##        ##  ##    ##  ##       ##     ## ##     ##       ## ##
     ##       #### ##     ## ######## ########  ##     ##  ######  ########

You're about to initialize a Firebase project in this directory:

  C:\Users\aawel\Documents\GitHub\verbose-giggle

[info] 
=== Project Setup
[info] 
[info] First, let's associate this project directory with a Firebase project.
[info] You can create multiple project aliases by running firebase use --add, 
[info] but for now we'll just set up a default project.
[info] 
[debug] [2021-12-04T05:28:19.021Z] > refreshing access token with scopes: []
[debug] [2021-12-04T05:28:19.022Z] >>> HTTP REQUEST POST https://www.googleapis.com/oauth2/v3/token  
 <request body omitted>
[debug] [2021-12-04T05:28:21.584Z] <<< HTTP RESPONSE 200 {"expires":"Mon, 01 Jan 1990 00:00:00 GMT","pragma":"no-cache","cache-control":"no-cache, no-store, max-age=0, must-revalidate","date":"Sat, 04 Dec 2021 05:28:20 GMT","content-type":"application/json; charset=utf-8","vary":"X-Origin, Referer, Origin,Accept-Encoding","server":"scaffolding on HTTPServer2","x-xss-protection":"0","x-frame-options":"SAMEORIGIN","x-content-type-options":"nosniff","alt-svc":"h3=\":443\"; ma=2592000,h3-29=\":443\"; ma=2592000,h3-Q050=\":443\"; ma=2592000,h3-Q046=\":443\"; ma=2592000,h3-Q043=\":443\"; ma=2592000,quic=\":443\"; ma=2592000; v=\"46,43\"","accept-ranges":"none","transfer-encoding":"chunked"}
[debug] [2021-12-04T05:28:21.606Z] >>> [apiv2][query] GET https://firebase.googleapis.com/v1beta1/projects pageSize=100
[debug] [2021-12-04T05:28:23.983Z] <<< [apiv2][status] GET https://firebase.googleapis.com/v1beta1/projects 200
[debug] [2021-12-04T05:28:23.984Z] <<< [apiv2][body] GET https://firebase.googleapis.com/v1beta1/projects [omitted]
[debug] [2021-12-04T05:29:12.881Z] ----------------------------------------------------------------------
[debug] [2021-12-04T05:29:12.883Z] Command:       C:\Program Files\nodejs\node.exe C:\Users\aawel\AppData\Roaming\npm\node_modules\firebase-tools\lib\bin\firebase.js init
[debug] [2021-12-04T05:29:12.883Z] CLI Version:   9.23.0
[debug] [2021-12-04T05:29:12.883Z] Platform:      win32
[debug] [2021-12-04T05:29:12.883Z] Node Version:  v16.13.0
[debug] [2021-12-04T05:29:12.884Z] Time:          Fri Dec 03 2021 22:29:12 GMT-0700 (Mountain Standard Time)
[debug] [2021-12-04T05:29:12.884Z] ----------------------------------------------------------------------
[debug] 
[debug] [2021-12-04T05:29:12.891Z] > command requires scopes: ["email","openid","https://www.googleapis.com/auth/cloudplatformprojects.readonly","https://www.googleapis.com/auth/firebase","https://www.googleapis.com/auth/cloud-platform"]
[debug] [2021-12-04T05:29:12.891Z] > authorizing via signed-in user (aawells98@gmail.com)
[info] 
     ######## #### ########  ######## ########     ###     ######  ########
     ##        ##  ##     ## ##       ##     ##  ##   ##  ##       ##
     ######    ##  ########  ######   ########  #########  ######  ######
     ##        ##  ##    ##  ##       ##     ## ##     ##       ## ##
     ##       #### ##     ## ######## ########  ##     ##  ######  ########

You're about to initialize a Firebase project in this directory:

  C:\Users\aawel\Documents\GitHub\verbose-giggle

[info] 
=== Project Setup
[info] 
[info] First, let's associate this project directory with a Firebase project.
[info] You can create multiple project aliases by running firebase use --add, 
[info] but for now we'll just set up a default project.
[info] 
[debug] [2021-12-04T05:29:47.600Z] >>> [apiv2][query] GET https://firebase.googleapis.com/v1beta1/projects pageSize=100
[debug] [2021-12-04T05:29:59.594Z] <<< [apiv2][status] GET https://firebase.googleapis.com/v1beta1/projects 200
[debug] [2021-12-04T05:29:59.594Z] <<< [apiv2][body] GET https://firebase.googleapis.com/v1beta1/projects [omitted]
